<?xml version="1.0" encoding="UTF-8"?>
<testng-results ignored="0" total="6" passed="6" failed="0" skipped="0">
  <reporter-output>
  </reporter-output>
  <suite started-at="2024-02-10T21:33:01 IST" name="Default suite" finished-at="2024-02-10T21:33:01 IST" duration-ms="82">
    <groups>
    </groups>
    <test started-at="2024-02-10T21:33:01 IST" name="Default test" finished-at="2024-02-10T21:33:01 IST" duration-ms="82">
      <class name="TestNG.DataProvider_String_Integer_Object">
        <test-method signature="LoginPage(java.lang.Integer)[pri:0, instance:TestNG.DataProvider_String_Integer_Object@2a798d51]" started-at="2024-02-10T21:33:01 IST" name="LoginPage" data-provider="loginpage" finished-at="2024-02-10T21:33:01 IST" duration-ms="10" status="PASS">
          <params>
            <param index="0">
              <value>
                <![CDATA[1]]>
              </value>
            </param>
          </params>
          <reporter-output>
          </reporter-output>
        </test-method> <!-- LoginPage -->
        <test-method signature="LoginPage(java.lang.Integer)[pri:0, instance:TestNG.DataProvider_String_Integer_Object@2a798d51]" started-at="2024-02-10T21:33:01 IST" name="LoginPage" data-provider="loginpage" finished-at="2024-02-10T21:33:01 IST" duration-ms="2" status="PASS">
          <params>
            <param index="0">
              <value>
                <![CDATA[2]]>
              </value>
            </param>
          </params>
          <reporter-output>
          </reporter-output>
        </test-method> <!-- LoginPage -->
        <test-method signature="LoginPage(java.lang.Integer)[pri:0, instance:TestNG.DataProvider_String_Integer_Object@2a798d51]" started-at="2024-02-10T21:33:01 IST" name="LoginPage" data-provider="loginpage" finished-at="2024-02-10T21:33:01 IST" duration-ms="3" status="PASS">
          <params>
            <param index="0">
              <value>
                <![CDATA[3]]>
              </value>
            </param>
          </params>
          <reporter-output>
          </reporter-output>
        </test-method> <!-- LoginPage -->
        <test-method signature="LoginPage(java.lang.Integer)[pri:0, instance:TestNG.DataProvider_String_Integer_Object@2a798d51]" started-at="2024-02-10T21:33:01 IST" name="LoginPage" data-provider="loginpage" finished-at="2024-02-10T21:33:01 IST" duration-ms="3" status="PASS">
          <params>
            <param index="0">
              <value>
                <![CDATA[4]]>
              </value>
            </param>
          </params>
          <reporter-output>
          </reporter-output>
        </test-method> <!-- LoginPage -->
        <test-method signature="LoginPage(java.lang.Integer)[pri:0, instance:TestNG.DataProvider_String_Integer_Object@2a798d51]" started-at="2024-02-10T21:33:01 IST" name="LoginPage" data-provider="loginpage" finished-at="2024-02-10T21:33:01 IST" duration-ms="5" status="PASS">
          <params>
            <param index="0">
              <value>
                <![CDATA[5]]>
              </value>
            </param>
          </params>
          <reporter-output>
          </reporter-output>
        </test-method> <!-- LoginPage -->
        <test-method signature="log()[pri:0, instance:TestNG.DataProvider_String_Integer_Object@2a798d51]" started-at="2024-02-10T21:33:01 IST" name="log" finished-at="2024-02-10T21:33:01 IST" duration-ms="3" status="PASS">
          <reporter-output>
          </reporter-output>
        </test-method> <!-- log -->
      </class> <!-- TestNG.DataProvider_String_Integer_Object -->
    </test> <!-- Default test -->
  </suite> <!-- Default suite -->
</testng-results>
