<?xml version="1.0" encoding="UTF-8"?>
<!-- Generated by org.testng.reporters.JUnitXMLReporter -->
<testsuite ignored="0" hostname="Ayaansh-Kritara" failures="0" tests="4" name="Default test" time="0.057" errors="0" timestamp="2024-11-14T07:34:38 IST">
  <testcase classname="FactoryAnnotation.demo" name="oneTest" time="0.011"/>
  <testcase classname="FactoryAnnotation.demo" name="oneTest" time="0.002"/>
  <testcase classname="FactoryAnnotation.demo" name="oneTest" time="0.002"/>
  <testcase classname="FactoryAnnotation.demo" name="oneTest" time="0.002"/>
</testsuite> <!-- Default test -->
