<?xml version="1.0" encoding="UTF-8"?>
<!-- Generated by org.testng.reporters.JUnitXMLReporter -->
<testsuite ignored="0" hostname="ayaansh" failures="0" tests="6" name="Default test" time="0.082" errors="0" timestamp="2024-02-10T21:33:01 IST">
  <testcase classname="TestNG.DataProvider_String_Integer_Object" name="LoginPage" time="0.01"/>
  <testcase classname="TestNG.DataProvider_String_Integer_Object" name="LoginPage" time="0.002"/>
  <testcase classname="TestNG.DataProvider_String_Integer_Object" name="LoginPage" time="0.003"/>
  <testcase classname="TestNG.DataProvider_String_Integer_Object" name="LoginPage" time="0.003"/>
  <testcase classname="TestNG.DataProvider_String_Integer_Object" name="LoginPage" time="0.005"/>
  <testcase classname="TestNG.DataProvider_String_Integer_Object" name="log" time="0.003"/>
</testsuite> <!-- Default test -->
