<?xml version="1.0" encoding="UTF-8"?>
<!-- Generated by org.testng.reporters.JUnitReportReporter -->
<testsuite hostname="Ayaansh-Kritara" failures="0" tests="4" name="FactoryAnnotation.demo" time="0.017" errors="0" timestamp="2024-11-14T07:34:38 IST" skipped="0">
  <testcase classname="FactoryAnnotation.demo" name="oneTest" time="0.002"/>
  <system-out/>
  <testcase classname="FactoryAnnotation.demo" name="oneTest" time="0.002"/>
  <system-out/>
  <testcase classname="FactoryAnnotation.demo" name="oneTest" time="0.011"/>
  <system-out/>
  <testcase classname="FactoryAnnotation.demo" name="oneTest" time="0.002"/>
  <system-out/>
</testsuite> <!-- FactoryAnnotation.demo -->
