<?xml version="1.0" encoding="UTF-8"?>
<!-- Generated by org.testng.reporters.JUnitXMLReporter -->
<testsuite ignored="0" hostname="LAPTOP-RH55RME4" failures="0" tests="9" name="Test1" time="0.163" errors="0" timestamp="2023-09-05T13:52:37 IST">
  <testcase classname="TestNG.TestClass3" name="TestMethod8" time="0.017"/>
  <testcase classname="TestNG.TestClass3" name="TestMethod7" time="0.016"/>
  <testcase classname="TestNG.TestClass1" name="TestMethod1" time="0.016"/>
  <testcase classname="TestNG.TestClass1" name="TestMethod3" time="0.015"/>
  <testcase classname="TestNG.TestClass1" name="TestMethod2" time="0.057"/>
  <testcase classname="TestNG.TestClass2" name="TestMethod6" time="0.067"/>
  <testcase classname="TestNG.TestClass3" name="TestMethod9" time="0.066"/>
  <testcase classname="TestNG.TestClass2" name="TestMethod4" time="0.016"/>
  <testcase classname="TestNG.TestClass2" name="TestMethod5" time="0.023"/>
</testsuite> <!-- Test1 -->
