<?xml version="1.0" encoding="UTF-8"?>
<!-- Generated by org.testng.reporters.JUnitXMLReporter -->
<testsuite ignored="0" hostname="LAPTOP-RH55RME4" failures="1" tests="3" name="Test" time="27.173" errors="0" timestamp="2023-08-23T11:05:02 IST">
  <testcase classname="TestNG_Practice.BaseTestMethod" name="url" time="16.978"/>
  <testcase classname="TestNG_Practice.BaseTestMethod" name="OrangeHrm" time="5.267"/>
  <testcase classname="TestNG_Practice.BaseTestMethod" name="verifyProfileName" time="0.244">
    <failure type="java.lang.AssertionError" message="expected [Paul babu] but found [Paul Collings]">
      <![CDATA[java.lang.AssertionError: expected [Paul babu] but found [Paul Collings]
at TestNG_Practice.BaseTestMethod.verifyProfileName(BaseTestMethod.java:29)
at java.base/java.util.ArrayList.forEach(ArrayList.java:1511)
... Removed 31 stack frames]]>
    </failure>
  </testcase> <!-- verifyProfileName -->
</testsuite> <!-- Test -->
