<?xml version="1.0" encoding="UTF-8"?>
<!-- Generated by org.testng.reporters.JUnitXMLReporter -->
<testsuite ignored="0" hostname="LAPTOP-RH55RME4" failures="0" tests="3" name="Test2" time="0.141" errors="0" timestamp="2023-09-05T13:47:33 IST">
  <testcase classname="TestNG.TestClass4" name="TestMethod10" time="0.027"/>
  <testcase classname="TestNG.TestClass4" name="TestMethod11" time="0.009"/>
  <testcase classname="TestNG.TestClass4" name="TestMethod12" time="0.005"/>
</testsuite> <!-- Test2 -->
