<?xml version="1.0" encoding="UTF-8"?>
<!-- Generated by org.testng.reporters.JUnitXMLReporter -->
<testsuite ignored="0" hostname="LAPTOP-RH55RME4" failures="1" tests="1" name="Default test(failed)" time="5.912" errors="0" timestamp="2023-09-23T13:58:23 IST">
  <testcase classname="TestNG_Practice.demo" name="login" time="5.829">
    <failure type="java.lang.AssertionError" message="expected [google] but found [Google]">
      <![CDATA[java.lang.AssertionError: expected [google] but found [Google]
at TestNG_Practice.demo.login(demo.java:26)
at java.base/java.util.ArrayList.forEach(ArrayList.java:1511)
... Removed 31 stack frames]]>
    </failure>
  </testcase> <!-- login -->
</testsuite> <!-- Default test(failed) -->
